# Basic packages for VPL jail system on Linux using APT (Debian, Ubuntu, etc.)
"C compiler (GNU)" gcc
"General purpose debugger (GNU)" gdb
"DDD graphical front end debugger (GNU)" ddd
"Java runtime" default-jre openjdk-11-jre openjdk-8-jre openjdk-7-jre
"Java jdk" default-jdk openjdk-11-jdk openjdk-8-jdk openjdk-7-jdk
"JavaFX" openjfx
"Java Checkstyle" checkstyle
"Junit framework" junit4 junit
"PHP interpreter" php-cli
"PHP readline" php-readline
"Sqlite for PHP" php-sqlite3
"Python3" python3
"Python3 Tk" python3-tk
"Python3 NumPy" python3-numpy
"Python3 pandas" python3-pandas
"Python3 Matplotlib" python3-matplotlib
"Python3 pudb" python3-pudb
"Python3 pycodestyle" python3-pycodestyle
"Python3 NetworkX" python3-networkx
"Python mypy" mypy
"Python pycodestyle" pycodestyle
"Python pydocstyle" pydocstyle
"Pythom Thonny" thonny
"SQL interpreter" sqlite3
